160316 18:26:52  InnoDB: Database was not shut down normally!
InnoDB: Starting crash recovery.
InnoDB: Reading tablespace information from the .ibd files...
InnoDB: Restoring possible half-written data pages from the doublewrite
InnoDB: buffer...
160316 18:26:52  InnoDB: Starting log scan based on checkpoint at
InnoDB: log sequence number 0 147309.
InnoDB: Doing recovery: scanned up to log sequence number 0 147309
160316 18:26:52  InnoDB: Flushing modified pages from the buffer pool...
160316 18:26:52  InnoDB: Started; log sequence number 0 147309
W:\usr\local\mysql\bin\mysqld.exe: ready for connections.
Version: '4.1.22-community'  socket: ''  port: 3306  MySQL Community Edition (GPL)
160316 18:50:19  InnoDB: Database was not shut down normally!
InnoDB: Starting crash recovery.
InnoDB: Reading tablespace information from the .ibd files...
InnoDB: Restoring possible half-written data pages from the doublewrite
InnoDB: buffer...
160316 18:50:19  InnoDB: Starting log scan based on checkpoint at
InnoDB: log sequence number 0 147309.
InnoDB: Doing recovery: scanned up to log sequence number 0 147309
160316 18:50:19  InnoDB: Flushing modified pages from the buffer pool...
160316 18:50:19  InnoDB: Started; log sequence number 0 147309
W:\usr\local\mysql\bin\mysqld.exe: ready for connections.
Version: '4.1.22-community'  socket: ''  port: 3306  MySQL Community Edition (GPL)
160420 18:25:59  InnoDB: Database was not shut down normally!
InnoDB: Starting crash recovery.
InnoDB: Reading tablespace information from the .ibd files...
InnoDB: Restoring possible half-written data pages from the doublewrite
InnoDB: buffer...
160420 18:26:00  InnoDB: Starting log scan based on checkpoint at
InnoDB: log sequence number 0 177734.
InnoDB: Doing recovery: scanned up to log sequence number 0 177734
160420 18:26:00  InnoDB: Flushing modified pages from the buffer pool...
160420 18:26:00  InnoDB: Started; log sequence number 0 177734
W:\usr\local\mysql\bin\mysqld.exe: ready for connections.
Version: '4.1.22-community'  socket: ''  port: 3306  MySQL Community Edition (GPL)
160427 19:14:42  InnoDB: Database was not shut down normally!
InnoDB: Starting crash recovery.
InnoDB: Reading tablespace information from the .ibd files...
InnoDB: Restoring possible half-written data pages from the doublewrite
InnoDB: buffer...
160427 19:14:42  InnoDB: Starting log scan based on checkpoint at
InnoDB: log sequence number 0 207906.
InnoDB: Doing recovery: scanned up to log sequence number 0 207906
160427 19:14:42  InnoDB: Flushing modified pages from the buffer pool...
160427 19:14:42  InnoDB: Started; log sequence number 0 207906
W:\usr\local\mysql\bin\mysqld.exe: ready for connections.
Version: '4.1.22-community'  socket: ''  port: 3306  MySQL Community Edition (GPL)
160511 18:54:06  InnoDB: Database was not shut down normally!
InnoDB: Starting crash recovery.
InnoDB: Reading tablespace information from the .ibd files...
InnoDB: Restoring possible half-written data pages from the doublewrite
InnoDB: buffer...
160511 18:54:06  InnoDB: Starting log scan based on checkpoint at
InnoDB: log sequence number 0 244492.
InnoDB: Doing recovery: scanned up to log sequence number 0 244492
160511 18:54:06  InnoDB: Flushing modified pages from the buffer pool...
160511 18:54:06  InnoDB: Started; log sequence number 0 244492
W:\usr\local\mysql\bin\mysqld.exe: ready for connections.
Version: '4.1.22-community'  socket: ''  port: 3306  MySQL Community Edition (GPL)
160518 18:10:07  InnoDB: Operating system error number 32 in a file operation.
InnoDB: Some operating system error numbers are described at
InnoDB: http://dev.mysql.com/doc/mysql/en/Operating_System_error_codes.html
InnoDB: File name .\ibdata1
InnoDB: File operation call: 'open'.
InnoDB: Cannot continue operation.
160518 18:17:36  InnoDB: Operating system error number 32 in a file operation.
InnoDB: Some operating system error numbers are described at
InnoDB: http://dev.mysql.com/doc/mysql/en/Operating_System_error_codes.html
InnoDB: File name .\ibdata1
InnoDB: File operation call: 'open'.
InnoDB: Cannot continue operation.
160601 19:16:00  InnoDB: Database was not shut down normally!
InnoDB: Starting crash recovery.
InnoDB: Reading tablespace information from the .ibd files...
InnoDB: Restoring possible half-written data pages from the doublewrite
InnoDB: buffer...
160601 19:16:01  InnoDB: Starting log scan based on checkpoint at
InnoDB: log sequence number 0 244512.
InnoDB: Doing recovery: scanned up to log sequence number 0 244512
160601 19:16:01  InnoDB: Flushing modified pages from the buffer pool...
160601 19:16:01  InnoDB: Started; log sequence number 0 244512
W:\usr\local\mysql\bin\mysqld.exe: ready for connections.
Version: '4.1.22-community'  socket: ''  port: 3306  MySQL Community Edition (GPL)
160601 19:17:05  InnoDB: Database was not shut down normally!
InnoDB: Starting crash recovery.
InnoDB: Reading tablespace information from the .ibd files...
InnoDB: Restoring possible half-written data pages from the doublewrite
InnoDB: buffer...
160601 19:17:05  InnoDB: Starting log scan based on checkpoint at
InnoDB: log sequence number 0 244512.
InnoDB: Doing recovery: scanned up to log sequence number 0 244512
160601 19:17:05  InnoDB: Flushing modified pages from the buffer pool...
160601 19:17:05  InnoDB: Started; log sequence number 0 244512
W:\usr\local\mysql\bin\mysqld.exe: ready for connections.
Version: '4.1.22-community'  socket: ''  port: 3306  MySQL Community Edition (GPL)
