160309 18:01:34  InnoDB: Operating system error number 32 in a file operation.
InnoDB: Some operating system error numbers are described at
InnoDB: http://dev.mysql.com/doc/mysql/en/Operating_System_error_codes.html
InnoDB: File name .\ibdata1
InnoDB: File operation call: 'open'.
InnoDB: Cannot continue operation.
160316 19:21:56  InnoDB: Database was not shut down normally!
InnoDB: Starting crash recovery.
InnoDB: Reading tablespace information from the .ibd files...
InnoDB: Restoring possible half-written data pages from the doublewrite
InnoDB: buffer...
160316 19:21:56  InnoDB: Starting log scan based on checkpoint at
InnoDB: log sequence number 0 147309.
InnoDB: Doing recovery: scanned up to log sequence number 0 147309
160316 19:21:56  InnoDB: Flushing modified pages from the buffer pool...
160316 19:21:56  InnoDB: Started; log sequence number 0 147309
W:\usr\local\mysql\bin\mysqld.exe: ready for connections.
Version: '4.1.22-community'  socket: ''  port: 3306  MySQL Community Edition (GPL)
160504 18:56:04  InnoDB: Database was not shut down normally!
InnoDB: Starting crash recovery.
InnoDB: Reading tablespace information from the .ibd files...
InnoDB: Restoring possible half-written data pages from the doublewrite
InnoDB: buffer...
160504 18:56:04  InnoDB: Starting log scan based on checkpoint at
InnoDB: log sequence number 0 207916.
InnoDB: Doing recovery: scanned up to log sequence number 0 207916
160504 18:56:04  InnoDB: Flushing modified pages from the buffer pool...
160504 18:56:04  InnoDB: Started; log sequence number 0 207916
W:\usr\local\mysql\bin\mysqld.exe: ready for connections.
Version: '4.1.22-community'  socket: ''  port: 3306  MySQL Community Edition (GPL)
